<?xml version="1.0" encoding="UTF-8" ?>
<testsuite errors="0" failures="1" hostname="LAPTOP-RAHI" name="com.qualefficient.Calculator.TestCalculator" skipped="0" tests="4" time="0.072" timestamp="2015-01-09T00:59:11">
  <properties>
[...]
</properties>
  <testcase classname="com.qualefficient.Calculator.TestCalculator" name="testCalculatorSubtract2And3" time="0.003" />
  <testcase classname="com.qualefficient.Calculator.TestCalculator" name="testCalculatorSubtract6And2" time="0.006">
    <failure message="expected:&lt;3&gt; but was:&lt;4&gt;" type="junit.framework.AssertionFailedError">junit.framework.AssertionFailedError: expected:&lt;3&gt; but was:&lt;4&gt;
	at com.qualefficient.Calculator.TestCalculator.testCalculatorSubtract6And2(Unknown Source)
</failure>
  </testcase>
  <testcase classname="com.qualefficient.Calculator.TestCalculator" name="testCalculatorAdd0And3" time="0.0" />
  <testcase classname="com.qualefficient.Calculator.TestCalculator" name="testCalculatorAdd2And3" time="0.0" />
  <system-out><![CDATA[]]></system-out>
  <system-err><![CDATA[]]></system-err>
</testsuite>
